2024-04-05T11:08:47.779+02:00  INFO 28588 --- [restartedMain] mluts.kebabcloud.KebabCloudApplication   : Starting KebabCloudApplication using Java 21.0.1 with PID 28588 (G:\IdeaProjects\Java2023\kebab-cloud\kebab-cloud\target\classes started by Lutsyk Mykola in G:\IdeaProjects\Java2023\kebab-cloud\kebab-cloud)
2024-04-05T11:08:47.783+02:00  INFO 28588 --- [restartedMain] mluts.kebabcloud.KebabCloudApplication   : No active profile set, falling back to 1 default profile: "default"
2024-04-05T11:08:47.828+02:00  INFO 28588 --- [restartedMain] .e.DevToolsPropertyDefaultsPostProcessor : Devtools property defaults active! Set 'spring.devtools.add-properties' to 'false' to disable
2024-04-05T11:08:47.828+02:00  INFO 28588 --- [restartedMain] .e.DevToolsPropertyDefaultsPostProcessor : For additional web related logging consider setting the 'logging.level.web' property to 'DEBUG'
2024-04-05T11:08:48.746+02:00  INFO 28588 --- [restartedMain] .s.d.r.c.RepositoryConfigurationDelegate : Multiple Spring Data modules found, entering strict repository configuration mode
2024-04-05T11:08:48.748+02:00  INFO 28588 --- [restartedMain] .s.d.r.c.RepositoryConfigurationDelegate : Bootstrapping Spring Data JDBC repositories in DEFAULT mode.
2024-04-05T11:08:48.776+02:00  INFO 28588 --- [restartedMain] .RepositoryConfigurationExtensionSupport : Spring Data JDBC - Could not safely identify store assignment for repository candidate interface mluts.kebabcloud.interfaces.IngredientRepository; If you want this repository to be a JDBC repository, consider annotating your entities with one of these annotations: org.springframework.data.relational.core.mapping.Table.
2024-04-05T11:08:48.778+02:00  INFO 28588 --- [restartedMain] .RepositoryConfigurationExtensionSupport : Spring Data JDBC - Could not safely identify store assignment for repository candidate interface mluts.kebabcloud.interfaces.KebabRepository; If you want this repository to be a JDBC repository, consider annotating your entities with one of these annotations: org.springframework.data.relational.core.mapping.Table.
2024-04-05T11:08:48.779+02:00  INFO 28588 --- [restartedMain] .RepositoryConfigurationExtensionSupport : Spring Data JDBC - Could not safely identify store assignment for repository candidate interface mluts.kebabcloud.interfaces.OrderRepository; If you want this repository to be a JDBC repository, consider annotating your entities with one of these annotations: org.springframework.data.relational.core.mapping.Table.
2024-04-05T11:08:48.780+02:00  INFO 28588 --- [restartedMain] .RepositoryConfigurationExtensionSupport : Spring Data JDBC - Could not safely identify store assignment for repository candidate interface mluts.kebabcloud.interfaces.UserRepository; If you want this repository to be a JDBC repository, consider annotating your entities with one of these annotations: org.springframework.data.relational.core.mapping.Table.
2024-04-05T11:08:48.781+02:00  INFO 28588 --- [restartedMain] .s.d.r.c.RepositoryConfigurationDelegate : Finished Spring Data repository scanning in 28 ms. Found 0 JDBC repository interfaces.
2024-04-05T11:08:48.791+02:00  INFO 28588 --- [restartedMain] .s.d.r.c.RepositoryConfigurationDelegate : Multiple Spring Data modules found, entering strict repository configuration mode
2024-04-05T11:08:48.793+02:00  INFO 28588 --- [restartedMain] .s.d.r.c.RepositoryConfigurationDelegate : Bootstrapping Spring Data JPA repositories in DEFAULT mode.
2024-04-05T11:08:48.819+02:00  INFO 28588 --- [restartedMain] .s.d.r.c.RepositoryConfigurationDelegate : Finished Spring Data repository scanning in 22 ms. Found 4 JPA repository interfaces.
2024-04-05T11:08:49.469+02:00  INFO 28588 --- [restartedMain] o.s.b.w.embedded.tomcat.TomcatWebServer  : Tomcat initialized with port 8080 (http)
2024-04-05T11:08:49.478+02:00  INFO 28588 --- [restartedMain] o.apache.catalina.core.StandardService   : Starting service [Tomcat]
2024-04-05T11:08:49.478+02:00  INFO 28588 --- [restartedMain] o.apache.catalina.core.StandardEngine    : Starting Servlet engine: [Apache Tomcat/10.1.16]
2024-04-05T11:08:49.526+02:00  INFO 28588 --- [restartedMain] o.a.c.c.C.[Tomcat].[localhost].[/]       : Initializing Spring embedded WebApplicationContext
2024-04-05T11:08:49.526+02:00  INFO 28588 --- [restartedMain] w.s.c.ServletWebServerApplicationContext : Root WebApplicationContext: initialization completed in 1697 ms
2024-04-05T11:08:49.553+02:00  INFO 28588 --- [restartedMain] com.zaxxer.hikari.HikariDataSource       : kebabcloud - Starting...
2024-04-05T11:08:49.767+02:00  INFO 28588 --- [restartedMain] com.zaxxer.hikari.pool.HikariPool        : kebabcloud - Added connection conn0: url=jdbc:h2:mem:kebabcloud user=SA
2024-04-05T11:08:49.769+02:00  INFO 28588 --- [restartedMain] com.zaxxer.hikari.HikariDataSource       : kebabcloud - Start completed.
2024-04-05T11:08:49.779+02:00  INFO 28588 --- [restartedMain] o.s.b.a.h2.H2ConsoleAutoConfiguration    : H2 console available at '/h2-console'. Database available at 'jdbc:h2:mem:kebabcloud'
2024-04-05T11:08:49.909+02:00  INFO 28588 --- [restartedMain] o.hibernate.jpa.internal.util.LogHelper  : HHH000204: Processing PersistenceUnitInfo [name: default]
2024-04-05T11:08:49.985+02:00  INFO 28588 --- [restartedMain] org.hibernate.Version                    : HHH000412: Hibernate ORM core version 6.3.1.Final
2024-04-05T11:08:50.037+02:00  INFO 28588 --- [restartedMain] o.h.c.internal.RegionFactoryInitiator    : HHH000026: Second-level cache disabled
2024-04-05T11:08:50.284+02:00  INFO 28588 --- [restartedMain] o.s.o.j.p.SpringPersistenceUnitInfo      : No LoadTimeWeaver setup: ignoring JPA class transformer
2024-04-05T11:08:51.315+02:00  INFO 28588 --- [restartedMain] o.h.e.t.j.p.i.JtaPlatformInitiator       : HHH000489: No JTA platform available (set 'hibernate.transaction.jta.platform' to enable JTA platform integration)
2024-04-05T11:08:51.372+02:00  INFO 28588 --- [restartedMain] j.LocalContainerEntityManagerFactoryBean : Initialized JPA EntityManagerFactory for persistence unit 'default'
2024-04-05T11:08:51.746+02:00  WARN 28588 --- [restartedMain] JpaBaseConfiguration$JpaWebConfiguration : spring.jpa.open-in-view is enabled by default. Therefore, database queries may be performed during view rendering. Explicitly configure spring.jpa.open-in-view to disable this warning
2024-04-05T11:08:52.468+02:00 DEBUG 28588 --- [restartedMain] edFilterInvocationSecurityMetadataSource : Adding web access control expression [hasRole('USER')] for DispatcherServletDelegating [ant = Ant [pattern='/design'], mvc = Mvc [pattern='/design']]
2024-04-05T11:08:52.487+02:00 DEBUG 28588 --- [restartedMain] edFilterInvocationSecurityMetadataSource : Adding web access control expression [hasRole('USER')] for DispatcherServletDelegating [ant = Ant [pattern='/orders'], mvc = Mvc [pattern='/orders']]
2024-04-05T11:08:52.488+02:00 DEBUG 28588 --- [restartedMain] edFilterInvocationSecurityMetadataSource : Adding web access control expression [permitAll()] for DispatcherServletDelegating [ant = Ant [pattern='/'], mvc = Mvc [pattern='/']]
2024-04-05T11:08:52.488+02:00 DEBUG 28588 --- [restartedMain] edFilterInvocationSecurityMetadataSource : Adding web access control expression [permitAll()] for DispatcherServletDelegating [ant = Ant [pattern='/**'], mvc = Mvc [pattern='/**']]
2024-04-05T11:08:52.510+02:00  INFO 28588 --- [restartedMain] o.s.s.web.DefaultSecurityFilterChain     : Will secure any request with [org.springframework.security.web.session.DisableEncodeUrlFilter@593d0b7c, org.springframework.security.web.context.request.async.WebAsyncManagerIntegrationFilter@2f9bffdf, org.springframework.security.web.context.SecurityContextHolderFilter@4b973f2d, org.springframework.security.web.header.HeaderWriterFilter@7bd93262, org.springframework.web.filter.CorsFilter@52c652af, org.springframework.security.web.csrf.CsrfFilter@73c7eabb, org.springframework.security.web.authentication.logout.LogoutFilter@636e3bbc, org.springframework.security.oauth2.client.web.OAuth2AuthorizationRequestRedirectFilter@5ba1d736, org.springframework.security.oauth2.client.web.OAuth2LoginAuthenticationFilter@39e9f72b, org.springframework.security.web.authentication.UsernamePasswordAuthenticationFilter@4387a3f, org.springframework.security.web.savedrequest.RequestCacheAwareFilter@7bb81484, org.springframework.security.web.servletapi.SecurityContextHolderAwareRequestFilter@237a9308, org.springframework.security.web.authentication.AnonymousAuthenticationFilter@7d30cbd5, org.springframework.security.web.access.ExceptionTranslationFilter@67de5a57, org.springframework.security.web.access.intercept.FilterSecurityInterceptor@3a2a790f]
2024-04-05T11:08:52.839+02:00  WARN 28588 --- [restartedMain] o.s.s.c.a.web.builders.WebSecurity       : You are asking Spring Security to ignore DispatcherServletDelegating [ant = Ant [pattern='/h2-console/**'], mvc = Mvc [pattern='/h2-console/**']]. This is not recommended -- please use permitAll via HttpSecurity#authorizeHttpRequests instead.
2024-04-05T11:08:52.839+02:00  INFO 28588 --- [restartedMain] o.s.s.web.DefaultSecurityFilterChain     : Will not secure DispatcherServletDelegating [ant = Ant [pattern='/h2-console/**'], mvc = Mvc [pattern='/h2-console/**']]
2024-04-05T11:08:52.876+02:00  INFO 28588 --- [restartedMain] o.s.b.d.a.OptionalLiveReloadServer       : LiveReload server is running on port 35729
2024-04-05T11:08:52.911+02:00  INFO 28588 --- [restartedMain] o.s.b.w.embedded.tomcat.TomcatWebServer  : Tomcat started on port 8080 (http) with context path ''
2024-04-05T11:08:52.918+02:00  INFO 28588 --- [restartedMain] mluts.kebabcloud.KebabCloudApplication   : Started KebabCloudApplication in 5.551 seconds (process running for 6.819)
2024-04-05T11:19:42.830+02:00  INFO 28588 --- [http-nio-8080-exec-5] o.a.c.c.C.[Tomcat].[localhost].[/]       : Initializing Spring DispatcherServlet 'dispatcherServlet'
2024-04-05T11:19:42.831+02:00  INFO 28588 --- [http-nio-8080-exec-5] o.s.web.servlet.DispatcherServlet        : Initializing Servlet 'dispatcherServlet'
2024-04-05T11:19:42.833+02:00  INFO 28588 --- [http-nio-8080-exec-5] o.s.web.servlet.DispatcherServlet        : Completed initialization in 1 ms
2024-04-05T11:19:42.841+02:00  WARN 28588 --- [http-nio-8080-exec-5] o.s.w.s.h.HandlerMappingIntrospector     : Cache miss for REQUEST dispatch to '/ingredients' (previous null). Performing MatchableHandlerMapping lookup. This is logged once only at WARN level, and every time at TRACE.
2024-04-05T11:19:42.849+02:00 DEBUG 28588 --- [http-nio-8080-exec-5] o.s.security.web.FilterChainProxy        : Securing POST /ingredients
2024-04-05T11:19:42.853+02:00  WARN 28588 --- [http-nio-8080-exec-5] o.s.w.s.h.HandlerMappingIntrospector     : Cache miss for REQUEST dispatch to '/ingredients' (previous null). Performing CorsConfiguration lookup. This is logged once only at WARN level, and every time at TRACE.
2024-04-05T11:19:42.878+02:00 DEBUG 28588 --- [http-nio-8080-exec-5] o.s.security.web.csrf.CsrfFilter         : Invalid CSRF token found for http://localhost:8080/ingredients
2024-04-05T11:19:42.878+02:00 DEBUG 28588 --- [http-nio-8080-exec-5] o.s.s.w.access.AccessDeniedHandlerImpl   : Responding with 403 status code
2024-04-05T11:19:42.886+02:00 DEBUG 28588 --- [http-nio-8080-exec-5] o.s.security.web.FilterChainProxy        : Securing POST /error
2024-04-05T11:19:42.889+02:00 DEBUG 28588 --- [http-nio-8080-exec-5] o.s.s.w.a.AnonymousAuthenticationFilter  : Set SecurityContextHolder to anonymous SecurityContext
2024-04-05T11:19:42.896+02:00 DEBUG 28588 --- [http-nio-8080-exec-5] o.s.s.w.a.i.FilterSecurityInterceptor    : Authorized filter invocation [POST /error] with attributes [permitAll()]
2024-04-05T11:19:42.897+02:00 DEBUG 28588 --- [http-nio-8080-exec-5] o.s.security.web.FilterChainProxy        : Secured POST /error
2024-04-05T11:20:23.352+02:00 DEBUG 28588 --- [http-nio-8080-exec-2] o.s.security.web.FilterChainProxy        : Securing POST /ingredients
2024-04-05T11:20:23.354+02:00 DEBUG 28588 --- [http-nio-8080-exec-2] o.s.security.web.csrf.CsrfFilter         : Invalid CSRF token found for http://localhost:8080/ingredients
2024-04-05T11:20:23.354+02:00 DEBUG 28588 --- [http-nio-8080-exec-2] o.s.s.w.access.AccessDeniedHandlerImpl   : Responding with 403 status code
2024-04-05T11:20:23.355+02:00 DEBUG 28588 --- [http-nio-8080-exec-2] o.s.security.web.FilterChainProxy        : Securing POST /error
2024-04-05T11:20:23.356+02:00 DEBUG 28588 --- [http-nio-8080-exec-2] o.s.s.w.a.AnonymousAuthenticationFilter  : Set SecurityContextHolder to anonymous SecurityContext
2024-04-05T11:20:23.356+02:00 DEBUG 28588 --- [http-nio-8080-exec-2] o.s.s.w.a.i.FilterSecurityInterceptor    : Authorized filter invocation [POST /error] with attributes [permitAll()]
2024-04-05T11:20:23.356+02:00 DEBUG 28588 --- [http-nio-8080-exec-2] o.s.security.web.FilterChainProxy        : Secured POST /error
2024-04-05T11:21:38.748+02:00 DEBUG 28588 --- [http-nio-8080-exec-3] o.s.security.web.FilterChainProxy        : Securing POST /ingredients
2024-04-05T11:21:38.749+02:00 DEBUG 28588 --- [http-nio-8080-exec-3] o.s.security.web.csrf.CsrfFilter         : Invalid CSRF token found for http://localhost:8080/ingredients
2024-04-05T11:21:38.749+02:00 DEBUG 28588 --- [http-nio-8080-exec-3] o.s.s.w.access.AccessDeniedHandlerImpl   : Responding with 403 status code
2024-04-05T11:21:38.749+02:00 DEBUG 28588 --- [http-nio-8080-exec-3] o.s.security.web.FilterChainProxy        : Securing POST /error
2024-04-05T11:21:38.750+02:00 DEBUG 28588 --- [http-nio-8080-exec-3] o.s.s.w.a.AnonymousAuthenticationFilter  : Set SecurityContextHolder to anonymous SecurityContext
2024-04-05T11:21:38.751+02:00 DEBUG 28588 --- [http-nio-8080-exec-3] o.s.s.w.a.i.FilterSecurityInterceptor    : Authorized filter invocation [POST /error] with attributes [permitAll()]
2024-04-05T11:21:38.751+02:00 DEBUG 28588 --- [http-nio-8080-exec-3] o.s.security.web.FilterChainProxy        : Secured POST /error
2024-04-05T11:22:16.149+02:00 DEBUG 28588 --- [http-nio-8080-exec-7] o.s.security.web.FilterChainProxy        : Securing POST /ingredients
2024-04-05T11:22:16.150+02:00 DEBUG 28588 --- [http-nio-8080-exec-7] o.s.security.web.csrf.CsrfFilter         : Invalid CSRF token found for http://localhost:8080/ingredients
2024-04-05T11:22:16.151+02:00 DEBUG 28588 --- [http-nio-8080-exec-7] o.s.s.w.access.AccessDeniedHandlerImpl   : Responding with 403 status code
2024-04-05T11:22:16.151+02:00 DEBUG 28588 --- [http-nio-8080-exec-7] o.s.security.web.FilterChainProxy        : Securing POST /error
2024-04-05T11:22:16.152+02:00 DEBUG 28588 --- [http-nio-8080-exec-7] o.s.s.w.a.AnonymousAuthenticationFilter  : Set SecurityContextHolder to anonymous SecurityContext
2024-04-05T11:22:16.152+02:00 DEBUG 28588 --- [http-nio-8080-exec-7] o.s.s.w.a.i.FilterSecurityInterceptor    : Authorized filter invocation [POST /error] with attributes [permitAll()]
2024-04-05T11:22:16.152+02:00 DEBUG 28588 --- [http-nio-8080-exec-7] o.s.security.web.FilterChainProxy        : Secured POST /error
2024-04-05T11:26:00.709+02:00 DEBUG 28588 --- [http-nio-8080-exec-9] o.s.security.web.FilterChainProxy        : Securing POST /ingredients
2024-04-05T11:26:00.710+02:00 DEBUG 28588 --- [http-nio-8080-exec-9] o.s.security.web.csrf.CsrfFilter         : Invalid CSRF token found for http://localhost:8080/ingredients
2024-04-05T11:26:00.710+02:00 DEBUG 28588 --- [http-nio-8080-exec-9] o.s.s.w.access.AccessDeniedHandlerImpl   : Responding with 403 status code
2024-04-05T11:26:00.711+02:00 DEBUG 28588 --- [http-nio-8080-exec-9] o.s.security.web.FilterChainProxy        : Securing POST /error
2024-04-05T11:26:00.712+02:00 DEBUG 28588 --- [http-nio-8080-exec-9] o.s.s.w.a.AnonymousAuthenticationFilter  : Set SecurityContextHolder to anonymous SecurityContext
2024-04-05T11:26:00.712+02:00 DEBUG 28588 --- [http-nio-8080-exec-9] o.s.s.w.a.i.FilterSecurityInterceptor    : Authorized filter invocation [POST /error] with attributes [permitAll()]
2024-04-05T11:26:00.712+02:00 DEBUG 28588 --- [http-nio-8080-exec-9] o.s.security.web.FilterChainProxy        : Secured POST /error
2024-04-05T11:26:24.337+02:00 DEBUG 28588 --- [http-nio-8080-exec-5] o.s.security.web.FilterChainProxy        : Securing POST /ingredients
2024-04-05T11:26:24.352+02:00 DEBUG 28588 --- [http-nio-8080-exec-5] o.s.security.web.csrf.CsrfFilter         : Invalid CSRF token found for http://localhost:8080/ingredients
2024-04-05T11:26:24.352+02:00 DEBUG 28588 --- [http-nio-8080-exec-5] o.s.s.w.access.AccessDeniedHandlerImpl   : Responding with 403 status code
2024-04-05T11:26:24.353+02:00 DEBUG 28588 --- [http-nio-8080-exec-5] o.s.security.web.FilterChainProxy        : Securing POST /error
2024-04-05T11:26:24.354+02:00 DEBUG 28588 --- [http-nio-8080-exec-5] o.s.s.w.a.AnonymousAuthenticationFilter  : Set SecurityContextHolder to anonymous SecurityContext
2024-04-05T11:26:24.354+02:00 DEBUG 28588 --- [http-nio-8080-exec-5] o.s.s.w.a.i.FilterSecurityInterceptor    : Authorized filter invocation [POST /error] with attributes [permitAll()]
2024-04-05T11:26:24.354+02:00 DEBUG 28588 --- [http-nio-8080-exec-5] o.s.security.web.FilterChainProxy        : Secured POST /error
2024-04-05T11:28:35.292+02:00 DEBUG 28588 --- [http-nio-8080-exec-2] o.s.security.web.FilterChainProxy        : Securing POST /ingredients
2024-04-05T11:28:35.293+02:00 DEBUG 28588 --- [http-nio-8080-exec-2] o.s.security.web.csrf.CsrfFilter         : Invalid CSRF token found for http://localhost:8080/ingredients
2024-04-05T11:28:35.293+02:00 DEBUG 28588 --- [http-nio-8080-exec-2] o.s.s.w.access.AccessDeniedHandlerImpl   : Responding with 403 status code
2024-04-05T11:28:35.294+02:00 DEBUG 28588 --- [http-nio-8080-exec-2] o.s.security.web.FilterChainProxy        : Securing POST /error
2024-04-05T11:28:35.294+02:00 DEBUG 28588 --- [http-nio-8080-exec-2] o.s.s.w.a.AnonymousAuthenticationFilter  : Set SecurityContextHolder to anonymous SecurityContext
2024-04-05T11:28:35.294+02:00 DEBUG 28588 --- [http-nio-8080-exec-2] o.s.s.w.a.i.FilterSecurityInterceptor    : Authorized filter invocation [POST /error] with attributes [permitAll()]
2024-04-05T11:28:35.294+02:00 DEBUG 28588 --- [http-nio-8080-exec-2] o.s.security.web.FilterChainProxy        : Secured POST /error
2024-04-05T11:29:36.287+02:00 DEBUG 28588 --- [http-nio-8080-exec-3] o.s.security.web.FilterChainProxy        : Securing POST /ingredients
2024-04-05T11:29:36.288+02:00 DEBUG 28588 --- [http-nio-8080-exec-3] o.s.security.web.csrf.CsrfFilter         : Invalid CSRF token found for http://localhost:8080/ingredients
2024-04-05T11:29:36.288+02:00 DEBUG 28588 --- [http-nio-8080-exec-3] o.s.s.w.access.AccessDeniedHandlerImpl   : Responding with 403 status code
2024-04-05T11:29:36.288+02:00 DEBUG 28588 --- [http-nio-8080-exec-3] o.s.security.web.FilterChainProxy        : Securing POST /error
2024-04-05T11:29:36.289+02:00 DEBUG 28588 --- [http-nio-8080-exec-3] o.s.s.w.a.AnonymousAuthenticationFilter  : Set SecurityContextHolder to anonymous SecurityContext
2024-04-05T11:29:36.289+02:00 DEBUG 28588 --- [http-nio-8080-exec-3] o.s.s.w.a.i.FilterSecurityInterceptor    : Authorized filter invocation [POST /error] with attributes [permitAll()]
2024-04-05T11:29:36.289+02:00 DEBUG 28588 --- [http-nio-8080-exec-3] o.s.security.web.FilterChainProxy        : Secured POST /error
2024-04-05T11:31:39.075+02:00 DEBUG 28588 --- [http-nio-8080-exec-7] o.s.security.web.FilterChainProxy        : Securing POST /api/ingredients
2024-04-05T11:31:39.076+02:00 DEBUG 28588 --- [http-nio-8080-exec-7] o.s.security.web.csrf.CsrfFilter         : Invalid CSRF token found for http://localhost:8080/api/ingredients
2024-04-05T11:31:39.076+02:00 DEBUG 28588 --- [http-nio-8080-exec-7] o.s.s.w.access.AccessDeniedHandlerImpl   : Responding with 403 status code
2024-04-05T11:31:39.076+02:00 DEBUG 28588 --- [http-nio-8080-exec-7] o.s.security.web.FilterChainProxy        : Securing POST /error
2024-04-05T11:31:39.077+02:00 DEBUG 28588 --- [http-nio-8080-exec-7] o.s.s.w.a.AnonymousAuthenticationFilter  : Set SecurityContextHolder to anonymous SecurityContext
2024-04-05T11:31:39.077+02:00 DEBUG 28588 --- [http-nio-8080-exec-7] o.s.s.w.a.i.FilterSecurityInterceptor    : Authorized filter invocation [POST /error] with attributes [permitAll()]
2024-04-05T11:31:39.077+02:00 DEBUG 28588 --- [http-nio-8080-exec-7] o.s.security.web.FilterChainProxy        : Secured POST /error
2024-04-05T11:32:45.214+02:00 DEBUG 28588 --- [http-nio-8080-exec-9] o.s.security.web.FilterChainProxy        : Securing DELETE /ingredients/GRBF
2024-04-05T11:32:45.215+02:00 DEBUG 28588 --- [http-nio-8080-exec-9] o.s.security.web.csrf.CsrfFilter         : Invalid CSRF token found for http://localhost:8080/ingredients/GRBF
2024-04-05T11:32:45.216+02:00 DEBUG 28588 --- [http-nio-8080-exec-9] o.s.s.w.access.AccessDeniedHandlerImpl   : Responding with 403 status code
2024-04-05T11:32:45.216+02:00 DEBUG 28588 --- [http-nio-8080-exec-9] o.s.security.web.FilterChainProxy        : Securing DELETE /error
2024-04-05T11:32:45.217+02:00 DEBUG 28588 --- [http-nio-8080-exec-9] o.s.s.w.a.AnonymousAuthenticationFilter  : Set SecurityContextHolder to anonymous SecurityContext
2024-04-05T11:32:45.218+02:00 DEBUG 28588 --- [http-nio-8080-exec-9] o.s.s.w.a.i.FilterSecurityInterceptor    : Authorized filter invocation [DELETE /error] with attributes [permitAll()]
2024-04-05T11:32:45.218+02:00 DEBUG 28588 --- [http-nio-8080-exec-9] o.s.security.web.FilterChainProxy        : Secured DELETE /error
2024-04-05T11:32:54.746+02:00 DEBUG 28588 --- [http-nio-8080-exec-5] o.s.security.web.FilterChainProxy        : Securing DELETE /api/ingredients/GRBF
2024-04-05T11:32:54.747+02:00 DEBUG 28588 --- [http-nio-8080-exec-5] o.s.security.web.csrf.CsrfFilter         : Invalid CSRF token found for http://localhost:8080/api/ingredients/GRBF
2024-04-05T11:32:54.747+02:00 DEBUG 28588 --- [http-nio-8080-exec-5] o.s.s.w.access.AccessDeniedHandlerImpl   : Responding with 403 status code
2024-04-05T11:32:54.748+02:00 DEBUG 28588 --- [http-nio-8080-exec-5] o.s.security.web.FilterChainProxy        : Securing DELETE /error
2024-04-05T11:32:54.748+02:00 DEBUG 28588 --- [http-nio-8080-exec-5] o.s.s.w.a.AnonymousAuthenticationFilter  : Set SecurityContextHolder to anonymous SecurityContext
2024-04-05T11:32:54.749+02:00 DEBUG 28588 --- [http-nio-8080-exec-5] o.s.s.w.a.i.FilterSecurityInterceptor    : Authorized filter invocation [DELETE /error] with attributes [permitAll()]
2024-04-05T11:32:54.749+02:00 DEBUG 28588 --- [http-nio-8080-exec-5] o.s.security.web.FilterChainProxy        : Secured DELETE /error
2024-04-05T11:33:05.680+02:00 DEBUG 28588 --- [http-nio-8080-exec-2] o.s.security.web.FilterChainProxy        : Securing DELETE /api/ingredients/GRBF
2024-04-05T11:33:05.681+02:00 DEBUG 28588 --- [http-nio-8080-exec-2] o.s.security.web.csrf.CsrfFilter         : Invalid CSRF token found for http://localhost:8080/api/ingredients/GRBF
2024-04-05T11:33:05.681+02:00 DEBUG 28588 --- [http-nio-8080-exec-2] o.s.s.w.access.AccessDeniedHandlerImpl   : Responding with 403 status code
2024-04-05T11:33:05.681+02:00 DEBUG 28588 --- [http-nio-8080-exec-2] o.s.security.web.FilterChainProxy        : Securing DELETE /error
2024-04-05T11:33:05.682+02:00 DEBUG 28588 --- [http-nio-8080-exec-2] o.s.s.w.a.AnonymousAuthenticationFilter  : Set SecurityContextHolder to anonymous SecurityContext
2024-04-05T11:33:05.682+02:00 DEBUG 28588 --- [http-nio-8080-exec-2] o.s.s.w.a.i.FilterSecurityInterceptor    : Authorized filter invocation [DELETE /error] with attributes [permitAll()]
2024-04-05T11:33:05.682+02:00 DEBUG 28588 --- [http-nio-8080-exec-2] o.s.security.web.FilterChainProxy        : Secured DELETE /error
2024-04-05T11:35:28.448+02:00  INFO 28588 --- [SpringApplicationShutdownHook] j.LocalContainerEntityManagerFactoryBean : Closing JPA EntityManagerFactory for persistence unit 'default'
2024-04-05T11:35:28.466+02:00  WARN 28588 --- [SpringApplicationShutdownHook] o.s.b.f.support.DisposableBeanAdapter    : Invocation of destroy method failed on bean with name 'inMemoryDatabaseShutdownExecutor': org.h2.jdbc.JdbcSQLNonTransientConnectionException: Database is already closed (to disable automatic closing at VM shutdown, add ";DB_CLOSE_ON_EXIT=FALSE" to the db URL) [90121-224]
2024-04-05T11:35:28.467+02:00  INFO 28588 --- [SpringApplicationShutdownHook] com.zaxxer.hikari.HikariDataSource       : kebabcloud - Shutdown initiated...
2024-04-05T11:35:28.469+02:00  INFO 28588 --- [SpringApplicationShutdownHook] com.zaxxer.hikari.HikariDataSource       : kebabcloud - Shutdown completed.
2024-04-05T11:35:32.240+02:00  INFO 27124 --- [restartedMain] mluts.kebabcloud.KebabCloudApplication   : Starting KebabCloudApplication using Java 21.0.1 with PID 27124 (G:\IdeaProjects\Java2023\kebab-cloud\kebab-cloud\target\classes started by Lutsyk Mykola in G:\IdeaProjects\Java2023\kebab-cloud\kebab-cloud)
2024-04-05T11:35:32.242+02:00  INFO 27124 --- [restartedMain] mluts.kebabcloud.KebabCloudApplication   : No active profile set, falling back to 1 default profile: "default"
2024-04-05T11:35:32.281+02:00  INFO 27124 --- [restartedMain] .e.DevToolsPropertyDefaultsPostProcessor : Devtools property defaults active! Set 'spring.devtools.add-properties' to 'false' to disable
2024-04-05T11:35:32.281+02:00  INFO 27124 --- [restartedMain] .e.DevToolsPropertyDefaultsPostProcessor : For additional web related logging consider setting the 'logging.level.web' property to 'DEBUG'
2024-04-05T11:35:32.946+02:00  INFO 27124 --- [restartedMain] .s.d.r.c.RepositoryConfigurationDelegate : Multiple Spring Data modules found, entering strict repository configuration mode
2024-04-05T11:35:32.947+02:00  INFO 27124 --- [restartedMain] .s.d.r.c.RepositoryConfigurationDelegate : Bootstrapping Spring Data JDBC repositories in DEFAULT mode.
2024-04-05T11:35:32.970+02:00  INFO 27124 --- [restartedMain] .RepositoryConfigurationExtensionSupport : Spring Data JDBC - Could not safely identify store assignment for repository candidate interface mluts.kebabcloud.interfaces.IngredientRepository; If you want this repository to be a JDBC repository, consider annotating your entities with one of these annotations: org.springframework.data.relational.core.mapping.Table.
2024-04-05T11:35:32.972+02:00  INFO 27124 --- [restartedMain] .RepositoryConfigurationExtensionSupport : Spring Data JDBC - Could not safely identify store assignment for repository candidate interface mluts.kebabcloud.interfaces.KebabRepository; If you want this repository to be a JDBC repository, consider annotating your entities with one of these annotations: org.springframework.data.relational.core.mapping.Table.
2024-04-05T11:35:32.973+02:00  INFO 27124 --- [restartedMain] .RepositoryConfigurationExtensionSupport : Spring Data JDBC - Could not safely identify store assignment for repository candidate interface mluts.kebabcloud.interfaces.OrderRepository; If you want this repository to be a JDBC repository, consider annotating your entities with one of these annotations: org.springframework.data.relational.core.mapping.Table.
2024-04-05T11:35:32.974+02:00  INFO 27124 --- [restartedMain] .RepositoryConfigurationExtensionSupport : Spring Data JDBC - Could not safely identify store assignment for repository candidate interface mluts.kebabcloud.interfaces.UserRepository; If you want this repository to be a JDBC repository, consider annotating your entities with one of these annotations: org.springframework.data.relational.core.mapping.Table.
2024-04-05T11:35:32.975+02:00  INFO 27124 --- [restartedMain] .s.d.r.c.RepositoryConfigurationDelegate : Finished Spring Data repository scanning in 24 ms. Found 0 JDBC repository interfaces.
2024-04-05T11:35:32.985+02:00  INFO 27124 --- [restartedMain] .s.d.r.c.RepositoryConfigurationDelegate : Multiple Spring Data modules found, entering strict repository configuration mode
2024-04-05T11:35:32.986+02:00  INFO 27124 --- [restartedMain] .s.d.r.c.RepositoryConfigurationDelegate : Bootstrapping Spring Data JPA repositories in DEFAULT mode.
2024-04-05T11:35:33.012+02:00  INFO 27124 --- [restartedMain] .s.d.r.c.RepositoryConfigurationDelegate : Finished Spring Data repository scanning in 21 ms. Found 4 JPA repository interfaces.
2024-04-05T11:35:33.593+02:00  INFO 27124 --- [restartedMain] o.s.b.w.embedded.tomcat.TomcatWebServer  : Tomcat initialized with port 8080 (http)
2024-04-05T11:35:33.602+02:00  INFO 27124 --- [restartedMain] o.apache.catalina.core.StandardService   : Starting service [Tomcat]
2024-04-05T11:35:33.602+02:00  INFO 27124 --- [restartedMain] o.apache.catalina.core.StandardEngine    : Starting Servlet engine: [Apache Tomcat/10.1.16]
2024-04-05T11:35:33.650+02:00  INFO 27124 --- [restartedMain] o.a.c.c.C.[Tomcat].[localhost].[/]       : Initializing Spring embedded WebApplicationContext
2024-04-05T11:35:33.650+02:00  INFO 27124 --- [restartedMain] w.s.c.ServletWebServerApplicationContext : Root WebApplicationContext: initialization completed in 1369 ms
2024-04-05T11:35:33.674+02:00  INFO 27124 --- [restartedMain] com.zaxxer.hikari.HikariDataSource       : kebabcloud - Starting...
2024-04-05T11:35:33.863+02:00  INFO 27124 --- [restartedMain] com.zaxxer.hikari.pool.HikariPool        : kebabcloud - Added connection conn0: url=jdbc:h2:mem:kebabcloud user=SA
2024-04-05T11:35:33.865+02:00  INFO 27124 --- [restartedMain] com.zaxxer.hikari.HikariDataSource       : kebabcloud - Start completed.
2024-04-05T11:35:33.875+02:00  INFO 27124 --- [restartedMain] o.s.b.a.h2.H2ConsoleAutoConfiguration    : H2 console available at '/h2-console'. Database available at 'jdbc:h2:mem:kebabcloud'
2024-04-05T11:35:34.014+02:00  INFO 27124 --- [restartedMain] o.hibernate.jpa.internal.util.LogHelper  : HHH000204: Processing PersistenceUnitInfo [name: default]
2024-04-05T11:35:34.083+02:00  INFO 27124 --- [restartedMain] org.hibernate.Version                    : HHH000412: Hibernate ORM core version 6.3.1.Final
2024-04-05T11:35:34.126+02:00  INFO 27124 --- [restartedMain] o.h.c.internal.RegionFactoryInitiator    : HHH000026: Second-level cache disabled
2024-04-05T11:35:34.342+02:00  INFO 27124 --- [restartedMain] o.s.o.j.p.SpringPersistenceUnitInfo      : No LoadTimeWeaver setup: ignoring JPA class transformer
2024-04-05T11:35:35.368+02:00  INFO 27124 --- [restartedMain] o.h.e.t.j.p.i.JtaPlatformInitiator       : HHH000489: No JTA platform available (set 'hibernate.transaction.jta.platform' to enable JTA platform integration)
2024-04-05T11:35:35.422+02:00  INFO 27124 --- [restartedMain] j.LocalContainerEntityManagerFactoryBean : Initialized JPA EntityManagerFactory for persistence unit 'default'
2024-04-05T11:35:35.774+02:00  WARN 27124 --- [restartedMain] JpaBaseConfiguration$JpaWebConfiguration : spring.jpa.open-in-view is enabled by default. Therefore, database queries may be performed during view rendering. Explicitly configure spring.jpa.open-in-view to disable this warning
2024-04-05T11:35:36.345+02:00 DEBUG 27124 --- [restartedMain] edFilterInvocationSecurityMetadataSource : Adding web access control expression [hasRole('USER')] for DispatcherServletDelegating [ant = Ant [pattern='/design'], mvc = Mvc [pattern='/design']]
2024-04-05T11:35:36.360+02:00 DEBUG 27124 --- [restartedMain] edFilterInvocationSecurityMetadataSource : Adding web access control expression [hasRole('USER')] for DispatcherServletDelegating [ant = Ant [pattern='/orders'], mvc = Mvc [pattern='/orders']]
2024-04-05T11:35:36.360+02:00 DEBUG 27124 --- [restartedMain] edFilterInvocationSecurityMetadataSource : Adding web access control expression [permitAll()] for DispatcherServletDelegating [ant = Ant [pattern='/'], mvc = Mvc [pattern='/']]
2024-04-05T11:35:36.360+02:00 DEBUG 27124 --- [restartedMain] edFilterInvocationSecurityMetadataSource : Adding web access control expression [permitAll()] for DispatcherServletDelegating [ant = Ant [pattern='/**'], mvc = Mvc [pattern='/**']]
2024-04-05T11:35:36.377+02:00  INFO 27124 --- [restartedMain] o.s.s.web.DefaultSecurityFilterChain     : Will secure any request with [org.springframework.security.web.session.DisableEncodeUrlFilter@5418a147, org.springframework.security.web.context.request.async.WebAsyncManagerIntegrationFilter@1d8bfe4f, org.springframework.security.web.context.SecurityContextHolderFilter@7e808b40, org.springframework.security.web.header.HeaderWriterFilter@12421080, org.springframework.web.filter.CorsFilter@45ba172f, org.springframework.security.web.authentication.logout.LogoutFilter@7fc562fa, org.springframework.security.oauth2.client.web.OAuth2AuthorizationRequestRedirectFilter@35c2353a, org.springframework.security.oauth2.client.web.OAuth2LoginAuthenticationFilter@58223f14, org.springframework.security.web.authentication.UsernamePasswordAuthenticationFilter@61dbb98b, org.springframework.security.web.savedrequest.RequestCacheAwareFilter@33d8731b, org.springframework.security.web.servletapi.SecurityContextHolderAwareRequestFilter@35440f69, org.springframework.security.web.authentication.AnonymousAuthenticationFilter@380a8677, org.springframework.security.web.access.ExceptionTranslationFilter@1c6f8d55, org.springframework.security.web.access.intercept.FilterSecurityInterceptor@74203fa4]
2024-04-05T11:35:36.674+02:00  WARN 27124 --- [restartedMain] o.s.s.c.a.web.builders.WebSecurity       : You are asking Spring Security to ignore DispatcherServletDelegating [ant = Ant [pattern='/h2-console/**'], mvc = Mvc [pattern='/h2-console/**']]. This is not recommended -- please use permitAll via HttpSecurity#authorizeHttpRequests instead.
2024-04-05T11:35:36.674+02:00  INFO 27124 --- [restartedMain] o.s.s.web.DefaultSecurityFilterChain     : Will not secure DispatcherServletDelegating [ant = Ant [pattern='/h2-console/**'], mvc = Mvc [pattern='/h2-console/**']]
2024-04-05T11:35:36.714+02:00  INFO 27124 --- [restartedMain] o.s.b.d.a.OptionalLiveReloadServer       : LiveReload server is running on port 35729
2024-04-05T11:35:36.752+02:00  INFO 27124 --- [restartedMain] o.s.b.w.embedded.tomcat.TomcatWebServer  : Tomcat started on port 8080 (http) with context path ''
2024-04-05T11:35:36.758+02:00  INFO 27124 --- [restartedMain] mluts.kebabcloud.KebabCloudApplication   : Started KebabCloudApplication in 4.918 seconds (process running for 5.581)
2024-04-05T11:35:42.071+02:00  INFO 27124 --- [http-nio-8080-exec-1] o.a.c.c.C.[Tomcat].[localhost].[/]       : Initializing Spring DispatcherServlet 'dispatcherServlet'
2024-04-05T11:35:42.071+02:00  INFO 27124 --- [http-nio-8080-exec-1] o.s.web.servlet.DispatcherServlet        : Initializing Servlet 'dispatcherServlet'
2024-04-05T11:35:42.072+02:00  INFO 27124 --- [http-nio-8080-exec-1] o.s.web.servlet.DispatcherServlet        : Completed initialization in 1 ms
2024-04-05T11:35:42.080+02:00  WARN 27124 --- [http-nio-8080-exec-1] o.s.w.s.h.HandlerMappingIntrospector     : Cache miss for REQUEST dispatch to '/api/ingredients/GRBF' (previous null). Performing MatchableHandlerMapping lookup. This is logged once only at WARN level, and every time at TRACE.
2024-04-05T11:35:42.089+02:00 DEBUG 27124 --- [http-nio-8080-exec-1] o.s.security.web.FilterChainProxy        : Securing DELETE /api/ingredients/GRBF
2024-04-05T11:35:42.094+02:00  WARN 27124 --- [http-nio-8080-exec-1] o.s.w.s.h.HandlerMappingIntrospector     : Cache miss for REQUEST dispatch to '/api/ingredients/GRBF' (previous null). Performing CorsConfiguration lookup. This is logged once only at WARN level, and every time at TRACE.
2024-04-05T11:35:42.098+02:00 DEBUG 27124 --- [http-nio-8080-exec-1] o.s.s.w.a.AnonymousAuthenticationFilter  : Set SecurityContextHolder to anonymous SecurityContext
2024-04-05T11:35:42.106+02:00 DEBUG 27124 --- [http-nio-8080-exec-1] o.s.s.w.a.i.FilterSecurityInterceptor    : Authorized filter invocation [DELETE /api/ingredients/GRBF] with attributes [permitAll()]
2024-04-05T11:35:42.106+02:00 DEBUG 27124 --- [http-nio-8080-exec-1] o.s.security.web.FilterChainProxy        : Secured DELETE /api/ingredients/GRBF
2024-04-05T11:35:50.191+02:00 DEBUG 27124 --- [http-nio-8080-exec-3] o.s.security.web.FilterChainProxy        : Securing POST /api/ingredients
2024-04-05T11:35:50.193+02:00 DEBUG 27124 --- [http-nio-8080-exec-3] o.s.s.w.a.AnonymousAuthenticationFilter  : Set SecurityContextHolder to anonymous SecurityContext
2024-04-05T11:35:50.193+02:00 DEBUG 27124 --- [http-nio-8080-exec-3] o.s.s.w.a.i.FilterSecurityInterceptor    : Authorized filter invocation [POST /api/ingredients] with attributes [permitAll()]
2024-04-05T11:35:50.193+02:00 DEBUG 27124 --- [http-nio-8080-exec-3] o.s.security.web.FilterChainProxy        : Secured POST /api/ingredients
2024-04-05T11:36:01.409+02:00  INFO 27124 --- [SpringApplicationShutdownHook] j.LocalContainerEntityManagerFactoryBean : Closing JPA EntityManagerFactory for persistence unit 'default'
2024-04-05T11:36:01.419+02:00  WARN 27124 --- [SpringApplicationShutdownHook] o.s.b.f.support.DisposableBeanAdapter    : Invocation of destroy method failed on bean with name 'inMemoryDatabaseShutdownExecutor': org.h2.jdbc.JdbcSQLNonTransientConnectionException: Database is already closed (to disable automatic closing at VM shutdown, add ";DB_CLOSE_ON_EXIT=FALSE" to the db URL) [90121-224]
2024-04-05T11:36:01.420+02:00  INFO 27124 --- [SpringApplicationShutdownHook] com.zaxxer.hikari.HikariDataSource       : kebabcloud - Shutdown initiated...
2024-04-05T11:36:01.422+02:00  INFO 27124 --- [SpringApplicationShutdownHook] com.zaxxer.hikari.HikariDataSource       : kebabcloud - Shutdown completed.
